<?xml version="1.0" encoding="UTF-8"?>
<testsuite name="com.example.task01.Tests" tests="4" skipped="0" failures="0" errors="0" timestamp="2020-03-31T20:45:51" hostname="LAPTOP-UHUVGQ4L" time="0.083">
  <properties/>
  <testcase name="testException" classname="com.example.task01.Tests" time="0.005"/>
  <testcase name="testExample" classname="com.example.task01.Tests" time="0.071"/>
  <testcase name="testNull" classname="com.example.task01.Tests" time="0.001"/>
  <testcase name="testArrays" classname="com.example.task01.Tests" time="0.004"/>
  <system-out><![CDATA[]]></system-out>
  <system-err><![CDATA[]]></system-err>
</testsuite>
