<?xml version="1.0" encoding="UTF-8"?>
<testsuite name="com.example.task04.Tests" tests="2" skipped="0" failures="0" errors="0" timestamp="2020-04-02T11:02:02" hostname="LAPTOP-UHUVGQ4L" time="0.079">
  <properties/>
  <testcase name="testExample" classname="com.example.task04.Tests" time="0.078"/>
  <testcase name="testEmpty" classname="com.example.task04.Tests" time="0.001"/>
  <system-out><![CDATA[]]></system-out>
  <system-err><![CDATA[]]></system-err>
</testsuite>
