<?xml version="1.0" encoding="UTF-8"?>
<testsuite name="com.example.task03.Tests" tests="3" skipped="0" failures="0" errors="0" timestamp="2020-04-01T16:29:24" hostname="LAPTOP-UHUVGQ4L" time="0.066">
  <properties/>
  <testcase name="testExample" classname="com.example.task03.Tests" time="0.064"/>
  <testcase name="testNull" classname="com.example.task03.Tests" time="0.0"/>
  <testcase name="test" classname="com.example.task03.Tests" time="0.001"/>
  <system-out><![CDATA[]]></system-out>
  <system-err><![CDATA[]]></system-err>
</testsuite>
